Compiling build :dev to "resources/public/js/compiled/habit_tracker.js" from ["src"]...
[32mSuccessfully compiled build :dev to "resources/public/js/compiled/habit_tracker.js" in 8.409 seconds.[0m
notifying browser that file changed:  resources/public/js/compiled/out/goog/deps.js
notifying browser that file changed:  resources/public/js/compiled/out/cljs_deps.js
notifying browser that file changed:  resources/public/js/compiled/out/habit_tracker/components/Habit_view.js
Compiling build :dev to "resources/public/js/compiled/habit_tracker.js" from ["src"]...
[32mSuccessfully compiled build :dev to "resources/public/js/compiled/habit_tracker.js" in 0.667 seconds.[0m
notifying browser that file changed:  resources/public/js/compiled/out/habit_tracker/components/Habit_view.js
Compiling build :dev to "resources/public/js/compiled/habit_tracker.js" from ["src"]...
[32mSuccessfully compiled build :dev to "resources/public/js/compiled/habit_tracker.js" in 0.833 seconds.[0m
notifying browser that file changed:  resources/public/js/compiled/out/habit_tracker/components/Habit_view.js
Compiling build :dev to "resources/public/js/compiled/habit_tracker.js" from ["src"]...
[32mSuccessfully compiled build :dev to "resources/public/js/compiled/habit_tracker.js" in 0.714 seconds.[0m
notifying browser that file changed:  resources/public/js/compiled/out/habit_tracker/components/Habit_view.js
Compiling build :dev to "resources/public/js/compiled/habit_tracker.js" from ["src"]...
[32mSuccessfully compiled build :dev to "resources/public/js/compiled/habit_tracker.js" in 1.804 seconds.[0m
notifying browser that file changed:  resources/public/js/compiled/out/goog/deps.js
notifying browser that file changed:  resources/public/js/compiled/out/cljs_deps.js
notifying browser that file changed:  resources/public/js/compiled/out/habit_tracker/components/Habit_view.js
Compiling build :dev to "resources/public/js/compiled/habit_tracker.js" from ["src"]...
[32mSuccessfully compiled build :dev to "resources/public/js/compiled/habit_tracker.js" in 0.714 seconds.[0m
notifying browser that file changed:  resources/public/js/compiled/out/habit_tracker/components/Habit_view.js
Compiling build :dev to "resources/public/js/compiled/habit_tracker.js" from ["src"]...
[32mSuccessfully compiled build :dev to "resources/public/js/compiled/habit_tracker.js" in 0.613 seconds.[0m
notifying browser that file changed:  resources/public/js/compiled/out/habit_tracker/components/Habit_view.js
Compiling build :dev to "resources/public/js/compiled/habit_tracker.js" from ["src"]...
[32mSuccessfully compiled build :dev to "resources/public/js/compiled/habit_tracker.js" in 0.764 seconds.[0m
notifying browser that file changed:  resources/public/js/compiled/out/habit_tracker/components/Habit_view.js
Compiling build :dev to "resources/public/js/compiled/habit_tracker.js" from ["src"]...
[32mSuccessfully compiled build :dev to "resources/public/js/compiled/habit_tracker.js" in 0.926 seconds.[0m
notifying browser that file changed:  resources/public/js/compiled/out/habit_tracker/components/Habit_view.js
Compiling build :dev to "resources/public/js/compiled/habit_tracker.js" from ["src"]...
[32mSuccessfully compiled build :dev to "resources/public/js/compiled/habit_tracker.js" in 0.653 seconds.[0m
notifying browser that file changed:  resources/public/js/compiled/out/habit_tracker/components/Habit_view.js
Compiling build :dev to "resources/public/js/compiled/habit_tracker.js" from ["src"]...
[31mFailed to compile build :dev from ["src"] in 0.328 seconds.[0m
[36m----  Could not Read  src/habit_tracker/components/Habit_view.cljs   line:23 ----[0m

  [1m/Applications/server/habit-tracker/src/habit_tracker/components/Habit_view.cljs [line 23, col 1] Unexpected EOF while reading item 4 of list, starting at line 9 and column 1.[0m

[36m----  Reader Error : Please see src/habit_tracker/components/Habit_view.cljs  ----[0m
Compiling build :dev to "resources/public/js/compiled/habit_tracker.js" from ["src"]...
[32mSuccessfully compiled build :dev to "resources/public/js/compiled/habit_tracker.js" in 0.808 seconds.[0m
notifying browser that file changed:  resources/public/js/compiled/out/habit_tracker/components/Habit_view.js
Compiling build :dev to "resources/public/js/compiled/habit_tracker.js" from ["src"]...
[32mSuccessfully compiled build :dev to "resources/public/js/compiled/habit_tracker.js" in 0.814 seconds.[0m
notifying browser that file changed:  resources/public/js/compiled/out/habit_tracker/components/Habit_view.js
Compiling build :dev to "resources/public/js/compiled/habit_tracker.js" from ["src"]...
[32mSuccessfully compiled build :dev to "resources/public/js/compiled/habit_tracker.js" in 0.625 seconds.[0m
notifying browser that file changed:  resources/public/js/compiled/out/habit_tracker/components/Habit_view.js
Compiling build :dev to "resources/public/js/compiled/habit_tracker.js" from ["src"]...
[32mSuccessfully compiled build :dev to "resources/public/js/compiled/habit_tracker.js" in 0.632 seconds.[0m
notifying browser that file changed:  resources/public/js/compiled/out/habit_tracker/components/Habit_view.js
Compiling build :dev to "resources/public/js/compiled/habit_tracker.js" from ["src"]...
[36m----  Compiler Warning on   src/habit_tracker/components/Habit_view.cljs   line:10  column:16  ----[0m

  [1mUse of undeclared Var habit_tracker.components.Habit_view/jquery[0m

  [36m 6[0m  [36m  "Grabs the list of dates for a habit"[0m
  [36m 7[0m  [36m  (js->clj (.parse js/JSON (.getItem (.-localStorage js/window) habit))))[0m
  [36m 8[0m  [36m[0m
  [36m 9[0m  [36m(defn render [title opened][0m
  [33m10[0m  [1m  (println (-> jquery "#Calendar"))[0m
  [0m  [0m  [33m               ^--- Use of undeclared Var habit_tracker.components.Habit_view/jquery[0m
  [36m11[0m  [36m[0m
  [36m12[0m  [36m  (let [habit (get-habit title)][0m
  [36m13[0m  [36m    (fn [][0m
  [36m14[0m  [36m    [:div.Habit-View {:class @opened}[0m
  [36m15[0m  [36m      [:div.Header[0m

[36m----  Compiler Warning : Please see src/habit_tracker/components/Habit_view.cljs  ----[0m
[32mSuccessfully compiled build :dev to "resources/public/js/compiled/habit_tracker.js" in 0.814 seconds.[0m
notifying browser that file changed:  resources/public/js/compiled/out/habit_tracker/components/Habit_view.js
Compiling build :dev to "resources/public/js/compiled/habit_tracker.js" from ["src"]...
[32mSuccessfully compiled build :dev to "resources/public/js/compiled/habit_tracker.js" in 4.121 seconds.[0m
notifying browser that file changed:  resources/public/js/compiled/out/cljs_deps.js
notifying browser that file changed:  resources/public/js/compiled/out/habit_tracker/components/Habit_view.js
Compiling build :dev to "resources/public/js/compiled/habit_tracker.js" from ["src"]...
[32mSuccessfully compiled build :dev to "resources/public/js/compiled/habit_tracker.js" in 0.63 seconds.[0m
notifying browser that file changed:  resources/public/js/compiled/out/habit_tracker/components/Habit_view.js
Compiling build :dev to "resources/public/js/compiled/habit_tracker.js" from ["src"]...
[32mSuccessfully compiled build :dev to "resources/public/js/compiled/habit_tracker.js" in 0.675 seconds.[0m
notifying browser that file changed:  resources/public/js/compiled/out/habit_tracker/components/Habit_view.js
Compiling build :dev to "resources/public/js/compiled/habit_tracker.js" from ["src"]...
[31mFailed to compile build :dev from ["src"] in 0.439 seconds.[0m
[36m----  Could not Analyze  src/habit_tracker/components/Habit_view.cljs   line:11  column:35  ----[0m

  [1mUnknown dot form of (. nil html nil) with classification [:cljs.analyzer/error :cljs.analyzer/symbol ()][0m

  [36m10[0m  [36m(defn render [title opened][0m
  [33m11[0m  [1m  (println (-> jquery "#Calendar")(.html))[0m
  [0m  [0m  [33m                                  ^--- Unknown dot form of (. nil html nil) with classification [:cljs.analyzer/error :cljs.analyzer/symbol ()][0m
  [36m12[0m  [36m  ; (println jquery)[0m
  [36m13[0m  [36m[0m
  [36m14[0m  [36m  (let [habit (get-habit title)][0m

[36m----  Analysis Error : Please see src/habit_tracker/components/Habit_view.cljs  ----[0m
Compiling build :dev to "resources/public/js/compiled/habit_tracker.js" from ["src"]...
[32mSuccessfully compiled build :dev to "resources/public/js/compiled/habit_tracker.js" in 0.664 seconds.[0m
notifying browser that file changed:  resources/public/js/compiled/out/habit_tracker/components/Habit_view.js
Compiling build :dev to "resources/public/js/compiled/habit_tracker.js" from ["src"]...
[32mSuccessfully compiled build :dev to "resources/public/js/compiled/habit_tracker.js" in 1.049 seconds.[0m
notifying browser that file changed:  resources/public/js/compiled/out/habit_tracker/components/Habit_view.js
Compiling build :dev to "resources/public/js/compiled/habit_tracker.js" from ["src"]...
[32mSuccessfully compiled build :dev to "resources/public/js/compiled/habit_tracker.js" in 0.785 seconds.[0m
notifying browser that file changed:  resources/public/js/compiled/out/habit_tracker/components/Habit_view.js
Compiling build :dev to "resources/public/js/compiled/habit_tracker.js" from ["src"]...
[31mFailed to compile build :dev from ["src"] in 0.624 seconds.[0m
[36m----  Could not Read  src/habit_tracker/components/Habit_view.cljs   line:22 ----[0m

  [1m/Applications/server/habit-tracker/src/habit_tracker/components/Habit_view.cljs [line 22, col 1] Unexpected EOF while reading item 4 of list, starting at line 10 and column 1.[0m

[36m----  Reader Error : Please see src/habit_tracker/components/Habit_view.cljs  ----[0m
Compiling build :dev to "resources/public/js/compiled/habit_tracker.js" from ["src"]...
[32mSuccessfully compiled build :dev to "resources/public/js/compiled/habit_tracker.js" in 1.239 seconds.[0m
notifying browser that file changed:  resources/public/js/compiled/out/habit_tracker/components/Habit_view.js
Compiling build :dev to "resources/public/js/compiled/habit_tracker.js" from ["src"]...
[32mSuccessfully compiled build :dev to "resources/public/js/compiled/habit_tracker.js" in 0.93 seconds.[0m
notifying browser that file changed:  resources/public/js/compiled/out/habit_tracker/components/Habit_view.js
Compiling build :dev to "resources/public/js/compiled/habit_tracker.js" from ["src"]...
[32mSuccessfully compiled build :dev to "resources/public/js/compiled/habit_tracker.js" in 0.919 seconds.[0m
notifying browser that file changed:  resources/public/js/compiled/out/habit_tracker/components/Habit_view.js
Compiling build :dev to "resources/public/js/compiled/habit_tracker.js" from ["src"]...
[32mSuccessfully compiled build :dev to "resources/public/js/compiled/habit_tracker.js" in 0.807 seconds.[0m
notifying browser that file changed:  resources/public/js/compiled/out/habit_tracker/components/Habit_view.js
Compiling build :dev to "resources/public/js/compiled/habit_tracker.js" from ["src"]...
[32mSuccessfully compiled build :dev to "resources/public/js/compiled/habit_tracker.js" in 0.76 seconds.[0m
notifying browser that file changed:  resources/public/js/compiled/out/habit_tracker/components/Habit_view.js
Compiling build :dev to "resources/public/js/compiled/habit_tracker.js" from ["src"]...
[32mSuccessfully compiled build :dev to "resources/public/js/compiled/habit_tracker.js" in 0.873 seconds.[0m
notifying browser that file changed:  resources/public/js/compiled/out/habit_tracker/components/Habit_view.js
Compiling build :dev to "resources/public/js/compiled/habit_tracker.js" from ["src"]...
[32mSuccessfully compiled build :dev to "resources/public/js/compiled/habit_tracker.js" in 0.903 seconds.[0m
notifying browser that file changed:  resources/public/js/compiled/out/habit_tracker/components/Habit_view.js
Compiling build :dev to "resources/public/js/compiled/habit_tracker.js" from ["src"]...
[32mSuccessfully compiled build :dev to "resources/public/js/compiled/habit_tracker.js" in 0.701 seconds.[0m
notifying browser that file changed:  resources/public/js/compiled/out/habit_tracker/components/Habit_view.js
Compiling build :dev to "resources/public/js/compiled/habit_tracker.js" from ["src"]...
[32mSuccessfully compiled build :dev to "resources/public/js/compiled/habit_tracker.js" in 0.709 seconds.[0m
notifying browser that file changed:  resources/public/js/compiled/out/habit_tracker/components/Habit_view.js
Compiling build :dev to "resources/public/js/compiled/habit_tracker.js" from ["src"]...
[32mSuccessfully compiled build :dev to "resources/public/js/compiled/habit_tracker.js" in 0.804 seconds.[0m
notifying browser that file changed:  resources/public/js/compiled/out/habit_tracker/components/Habit_view.js
Compiling build :dev to "resources/public/js/compiled/habit_tracker.js" from ["src"]...
[32mSuccessfully compiled build :dev to "resources/public/js/compiled/habit_tracker.js" in 0.641 seconds.[0m
notifying browser that file changed:  resources/public/js/compiled/out/habit_tracker/components/Habit_view.js
Compiling build :dev to "resources/public/js/compiled/habit_tracker.js" from ["src"]...
[32mSuccessfully compiled build :dev to "resources/public/js/compiled/habit_tracker.js" in 0.77 seconds.[0m
notifying browser that file changed:  resources/public/js/compiled/out/habit_tracker/components/Habit_view.js
Compiling build :dev to "resources/public/js/compiled/habit_tracker.js" from ["src"]...
[32mSuccessfully compiled build :dev to "resources/public/js/compiled/habit_tracker.js" in 1.055 seconds.[0m
notifying browser that file changed:  resources/public/js/compiled/out/habit_tracker/components/Habit_view.js
Compiling build :dev to "resources/public/js/compiled/habit_tracker.js" from ["src"]...
[32mSuccessfully compiled build :dev to "resources/public/js/compiled/habit_tracker.js" in 0.936 seconds.[0m
notifying browser that file changed:  resources/public/js/compiled/out/habit_tracker/components/Habit_view.js
Compiling build :dev to "resources/public/js/compiled/habit_tracker.js" from ["src"]...
[32mSuccessfully compiled build :dev to "resources/public/js/compiled/habit_tracker.js" in 0.969 seconds.[0m
notifying browser that file changed:  resources/public/js/compiled/out/habit_tracker/components/Habit_view.js
Compiling build :dev to "resources/public/js/compiled/habit_tracker.js" from ["src"]...
[32mSuccessfully compiled build :dev to "resources/public/js/compiled/habit_tracker.js" in 0.751 seconds.[0m
notifying browser that file changed:  resources/public/js/compiled/out/habit_tracker/components/Habit_view.js
Compiling build :dev to "resources/public/js/compiled/habit_tracker.js" from ["src"]...
[32mSuccessfully compiled build :dev to "resources/public/js/compiled/habit_tracker.js" in 0.768 seconds.[0m
notifying browser that file changed:  resources/public/js/compiled/out/habit_tracker/components/Habit_view.js
Compiling build :dev to "resources/public/js/compiled/habit_tracker.js" from ["src"]...
[32mSuccessfully compiled build :dev to "resources/public/js/compiled/habit_tracker.js" in 0.771 seconds.[0m
notifying browser that file changed:  resources/public/js/compiled/out/habit_tracker/components/Habit_view.js
Compiling build :dev to "resources/public/js/compiled/habit_tracker.js" from ["src"]...
[31mFailed to compile build :dev from ["src"] in 0.419 seconds.[0m
[36m----  Could not Read  src/habit_tracker/components/Habit_view.cljs   line:20 ----[0m

  [1m/Applications/server/habit-tracker/src/habit_tracker/components/Habit_view.cljs [line 20, col 1] Unexpected EOF while reading item 5 of list, starting at line 1 and column 1.[0m

[36m----  Reader Error : Please see src/habit_tracker/components/Habit_view.cljs  ----[0m
Compiling build :dev to "resources/public/js/compiled/habit_tracker.js" from ["src"]...
[31mFailed to compile build :dev from ["src"] in 0.17 seconds.[0m
[36m----  Could not Read  src/habit_tracker/components/Habit_view.cljs   line:18 ----[0m

  [1m/Applications/server/habit-tracker/src/habit_tracker/components/Habit_view.cljs [line 18, col 1] Unexpected EOF while reading item 5 of list, starting at line 1 and column 1.[0m

[36m----  Reader Error : Please see src/habit_tracker/components/Habit_view.cljs  ----[0m
Compiling build :dev to "resources/public/js/compiled/habit_tracker.js" from ["src"]...
[32mSuccessfully compiled build :dev to "resources/public/js/compiled/habit_tracker.js" in 3.606 seconds.[0m
notifying browser that file changed:  resources/public/js/compiled/out/goog/deps.js
notifying browser that file changed:  resources/public/js/compiled/out/cljs_deps.js
notifying browser that file changed:  resources/public/js/compiled/out/habit_tracker/components/Habit_view.js
Compiling build :dev to "resources/public/js/compiled/habit_tracker.js" from ["src"]...
[32mSuccessfully compiled build :dev to "resources/public/js/compiled/habit_tracker.js" in 0.804 seconds.[0m
notifying browser that file changed:  resources/public/js/compiled/out/habit_tracker/components/Habit_view.js
Compiling build :dev to "resources/public/js/compiled/habit_tracker.js" from ["src"]...
[32mSuccessfully compiled build :dev to "resources/public/js/compiled/habit_tracker.js" in 0.78 seconds.[0m
notifying browser that file changed:  resources/public/js/compiled/out/habit_tracker/components/Habit_view.js
Compiling build :dev to "resources/public/js/compiled/habit_tracker.js" from ["src"]...
[32mSuccessfully compiled build :dev to "resources/public/js/compiled/habit_tracker.js" in 0.643 seconds.[0m
notifying browser that file changed:  resources/public/js/compiled/out/habit_tracker/components/Habit_view.js
Compiling build :dev to "resources/public/js/compiled/habit_tracker.js" from ["src"]...
[32mSuccessfully compiled build :dev to "resources/public/js/compiled/habit_tracker.js" in 1.132 seconds.[0m
notifying browser that file changed:  resources/public/js/compiled/out/habit_tracker/components/Habit_view.js
Compiling build :dev to "resources/public/js/compiled/habit_tracker.js" from ["src"]...
[32mSuccessfully compiled build :dev to "resources/public/js/compiled/habit_tracker.js" in 1.259 seconds.[0m
notifying browser that file changed:  resources/public/js/compiled/out/habit_tracker/components/Habit_view.js
Compiling build :dev to "resources/public/js/compiled/habit_tracker.js" from ["src"]...
[32mSuccessfully compiled build :dev to "resources/public/js/compiled/habit_tracker.js" in 0.82 seconds.[0m
notifying browser that file changed:  resources/public/js/compiled/out/habit_tracker/components/Habit_view.js
Compiling build :dev to "resources/public/js/compiled/habit_tracker.js" from ["src"]...
[32mSuccessfully compiled build :dev to "resources/public/js/compiled/habit_tracker.js" in 0.757 seconds.[0m
notifying browser that file changed:  resources/public/js/compiled/out/habit_tracker/components/Habit_view.js
Compiling build :dev to "resources/public/js/compiled/habit_tracker.js" from ["src"]...
[32mSuccessfully compiled build :dev to "resources/public/js/compiled/habit_tracker.js" in 0.877 seconds.[0m
notifying browser that file changed:  resources/public/js/compiled/out/habit_tracker/components/Habit_view.js
Compiling build :dev to "resources/public/js/compiled/habit_tracker.js" from ["src"]...
[32mSuccessfully compiled build :dev to "resources/public/js/compiled/habit_tracker.js" in 0.643 seconds.[0m
notifying browser that file changed:  resources/public/js/compiled/out/habit_tracker/components/Habit_view.js
Compiling build :dev to "resources/public/js/compiled/habit_tracker.js" from ["src"]...
[32mSuccessfully compiled build :dev to "resources/public/js/compiled/habit_tracker.js" in 1.607 seconds.[0m
notifying browser that file changed:  resources/public/js/compiled/out/habit_tracker/components/Habit_view.js
Compiling build :dev to "resources/public/js/compiled/habit_tracker.js" from ["src"]...
[31mFailed to compile build :dev from ["src"] in 0.457 seconds.[0m
[36m----  Could not Analyze  src/habit_tracker/components/Habit_view.cljs   line:5  column:21  ----[0m

  [1mUnknown dot form of (. (js/moment) -fromNow (3485736776)) with classification [:cljs.analyzer/expr :cljs.analyzer/property :cljs.analyzer/expr][0m

  [36m3[0m  [36m            ["moment" :as moment]))[0m
  [36m4[0m  [36m[0m
  [33m5[0m  [1m    (js/console.log (.-fromNow (js/moment) 3485736776) )[0m
  [0m [0m  [33m                    ^--- Unknown dot form of (. (js/moment) -fromNow (3485736776)) with classification [:cljs.analyzer/expr :cljs.analyzer/property :cljs.analyzer/expr][0m
  [36m6[0m  [36m[0m
  [36m7[0m  [36m(defn get-habit [habit][0m
  [36m8[0m  [36m  "Grabs the list of dates for a habit"[0m

[36m----  Analysis Error : Please see src/habit_tracker/components/Habit_view.cljs  ----[0m
Compiling build :dev to "resources/public/js/compiled/habit_tracker.js" from ["src"]...
[32mSuccessfully compiled build :dev to "resources/public/js/compiled/habit_tracker.js" in 1.035 seconds.[0m
notifying browser that file changed:  resources/public/js/compiled/out/habit_tracker/components/Habit_view.js
Compiling build :dev to "resources/public/js/compiled/habit_tracker.js" from ["src"]...
[32mSuccessfully compiled build :dev to "resources/public/js/compiled/habit_tracker.js" in 1.059 seconds.[0m
notifying browser that file changed:  resources/public/js/compiled/out/habit_tracker/components/Habit_view.js
Compiling build :dev to "resources/public/js/compiled/habit_tracker.js" from ["src"]...
[32mSuccessfully compiled build :dev to "resources/public/js/compiled/habit_tracker.js" in 0.659 seconds.[0m
notifying browser that file changed:  resources/public/js/compiled/out/habit_tracker/components/Habit_view.js
Compiling build :dev to "resources/public/js/compiled/habit_tracker.js" from ["src"]...
[32mSuccessfully compiled build :dev to "resources/public/js/compiled/habit_tracker.js" in 0.915 seconds.[0m
notifying browser that file changed:  resources/public/js/compiled/out/habit_tracker/components/Habit_view.js
Compiling build :dev to "resources/public/js/compiled/habit_tracker.js" from ["src"]...
[32mSuccessfully compiled build :dev to "resources/public/js/compiled/habit_tracker.js" in 0.939 seconds.[0m
notifying browser that file changed:  resources/public/js/compiled/out/habit_tracker/components/Habit_view.js
Compiling build :dev to "resources/public/js/compiled/habit_tracker.js" from ["src"]...
[32mSuccessfully compiled build :dev to "resources/public/js/compiled/habit_tracker.js" in 0.927 seconds.[0m
notifying browser that file changed:  resources/public/js/compiled/out/habit_tracker/components/Habit_view.js
Compiling build :dev to "resources/public/js/compiled/habit_tracker.js" from ["src"]...
[32mSuccessfully compiled build :dev to "resources/public/js/compiled/habit_tracker.js" in 0.911 seconds.[0m
notifying browser that file changed:  resources/public/js/compiled/out/habit_tracker/components/Habit_view.js
Compiling build :dev to "resources/public/js/compiled/habit_tracker.js" from ["src"]...
[32mSuccessfully compiled build :dev to "resources/public/js/compiled/habit_tracker.js" in 1.377 seconds.[0m
notifying browser that file changed:  resources/public/js/compiled/out/habit_tracker/components/Habit_view.js
Compiling build :dev to "resources/public/js/compiled/habit_tracker.js" from ["src"]...
[32mSuccessfully compiled build :dev to "resources/public/js/compiled/habit_tracker.js" in 0.651 seconds.[0m
notifying browser that file changed:  resources/public/js/compiled/out/habit_tracker/components/Habit_view.js
Compiling build :dev to "resources/public/js/compiled/habit_tracker.js" from ["src"]...
[32mSuccessfully compiled build :dev to "resources/public/js/compiled/habit_tracker.js" in 0.759 seconds.[0m
notifying browser that file changed:  resources/public/js/compiled/out/habit_tracker/components/Habit_view.js
Compiling build :dev to "resources/public/js/compiled/habit_tracker.js" from ["src"]...
[32mSuccessfully compiled build :dev to "resources/public/js/compiled/habit_tracker.js" in 0.746 seconds.[0m
notifying browser that file changed:  resources/public/js/compiled/out/habit_tracker/components/Habit_view.js
Compiling build :dev to "resources/public/js/compiled/habit_tracker.js" from ["src"]...
[32mSuccessfully compiled build :dev to "resources/public/js/compiled/habit_tracker.js" in 1.393 seconds.[0m
notifying browser that file changed:  resources/public/js/compiled/out/habit_tracker/components/Habit_view.js
Compiling build :dev to "resources/public/js/compiled/habit_tracker.js" from ["src"]...
[32mSuccessfully compiled build :dev to "resources/public/js/compiled/habit_tracker.js" in 1.434 seconds.[0m
notifying browser that file changed:  resources/public/js/compiled/out/habit_tracker/components/Habit_view.js
Compiling build :dev to "resources/public/js/compiled/habit_tracker.js" from ["src"]...
[32mSuccessfully compiled build :dev to "resources/public/js/compiled/habit_tracker.js" in 0.894 seconds.[0m
notifying browser that file changed:  resources/public/js/compiled/out/habit_tracker/components/Habit_view.js
Compiling build :dev to "resources/public/js/compiled/habit_tracker.js" from ["src"]...
[32mSuccessfully compiled build :dev to "resources/public/js/compiled/habit_tracker.js" in 0.811 seconds.[0m
notifying browser that file changed:  resources/public/js/compiled/out/habit_tracker/components/Habit_view.js
Compiling build :dev to "resources/public/js/compiled/habit_tracker.js" from ["src"]...
[32mSuccessfully compiled build :dev to "resources/public/js/compiled/habit_tracker.js" in 1.399 seconds.[0m
notifying browser that file changed:  resources/public/js/compiled/out/habit_tracker/components/Habit_view.js
Compiling build :dev to "resources/public/js/compiled/habit_tracker.js" from ["src"]...
[32mSuccessfully compiled build :dev to "resources/public/js/compiled/habit_tracker.js" in 0.798 seconds.[0m
notifying browser that file changed:  resources/public/js/compiled/out/habit_tracker/components/Habit_view.js
Compiling build :dev to "resources/public/js/compiled/habit_tracker.js" from ["src"]...
[32mSuccessfully compiled build :dev to "resources/public/js/compiled/habit_tracker.js" in 0.882 seconds.[0m
notifying browser that file changed:  resources/public/js/compiled/out/habit_tracker/components/Habit_view.js
Compiling build :dev to "resources/public/js/compiled/habit_tracker.js" from ["src"]...
[32mSuccessfully compiled build :dev to "resources/public/js/compiled/habit_tracker.js" in 1.174 seconds.[0m
notifying browser that file changed:  resources/public/js/compiled/out/habit_tracker/components/Habit_view.js
Compiling build :dev to "resources/public/js/compiled/habit_tracker.js" from ["src"]...
[32mSuccessfully compiled build :dev to "resources/public/js/compiled/habit_tracker.js" in 0.78 seconds.[0m
notifying browser that file changed:  resources/public/js/compiled/out/habit_tracker/components/Habit_view.js
Compiling build :dev to "resources/public/js/compiled/habit_tracker.js" from ["src"]...
[32mSuccessfully compiled build :dev to "resources/public/js/compiled/habit_tracker.js" in 0.659 seconds.[0m
notifying browser that file changed:  resources/public/js/compiled/out/habit_tracker/components/Habit_view.js
Compiling build :dev to "resources/public/js/compiled/habit_tracker.js" from ["src"]...
[32mSuccessfully compiled build :dev to "resources/public/js/compiled/habit_tracker.js" in 0.575 seconds.[0m
notifying browser that file changed:  resources/public/js/compiled/out/habit_tracker/components/Habit_view.js
Compiling build :dev to "resources/public/js/compiled/habit_tracker.js" from ["src"]...
[32mSuccessfully compiled build :dev to "resources/public/js/compiled/habit_tracker.js" in 0.554 seconds.[0m
notifying browser that file changed:  resources/public/js/compiled/out/habit_tracker/components/Habit_view.js
Compiling build :dev to "resources/public/js/compiled/habit_tracker.js" from ["src"]...
[32mSuccessfully compiled build :dev to "resources/public/js/compiled/habit_tracker.js" in 0.62 seconds.[0m
notifying browser that file changed:  resources/public/js/compiled/out/habit_tracker/components/Habit_view.js
Compiling build :dev to "resources/public/js/compiled/habit_tracker.js" from ["src"]...
[32mSuccessfully compiled build :dev to "resources/public/js/compiled/habit_tracker.js" in 0.621 seconds.[0m
notifying browser that file changed:  resources/public/js/compiled/out/habit_tracker/components/Habit_view.js
Compiling build :dev to "resources/public/js/compiled/habit_tracker.js" from ["src"]...
[32mSuccessfully compiled build :dev to "resources/public/js/compiled/habit_tracker.js" in 0.569 seconds.[0m
notifying browser that file changed:  resources/public/js/compiled/out/habit_tracker/components/Habit_view.js
Compiling build :dev to "resources/public/js/compiled/habit_tracker.js" from ["src"]...
[32mSuccessfully compiled build :dev to "resources/public/js/compiled/habit_tracker.js" in 0.617 seconds.[0m
notifying browser that file changed:  resources/public/js/compiled/out/habit_tracker/components/Habit_view.js
Compiling build :dev to "resources/public/js/compiled/habit_tracker.js" from ["src"]...
[32mSuccessfully compiled build :dev to "resources/public/js/compiled/habit_tracker.js" in 0.615 seconds.[0m
notifying browser that file changed:  resources/public/js/compiled/out/cljs_deps.js
notifying browser that file changed:  resources/public/js/compiled/out/habit_tracker/components/Habit_view.js
Compiling build :dev to "resources/public/js/compiled/habit_tracker.js" from ["src"]...
[32mSuccessfully compiled build :dev to "resources/public/js/compiled/habit_tracker.js" in 0.59 seconds.[0m
notifying browser that file changed:  resources/public/js/compiled/out/cljs_deps.js
notifying browser that file changed:  resources/public/js/compiled/out/habit_tracker/components/Habit_view.js
Compiling build :dev to "resources/public/js/compiled/habit_tracker.js" from ["src"]...
[32mSuccessfully compiled build :dev to "resources/public/js/compiled/habit_tracker.js" in 0.65 seconds.[0m
notifying browser that file changed:  resources/public/js/compiled/out/habit_tracker/components/Habit_view.js
Compiling build :dev to "resources/public/js/compiled/habit_tracker.js" from ["src"]...
[32mSuccessfully compiled build :dev to "resources/public/js/compiled/habit_tracker.js" in 0.757 seconds.[0m
notifying browser that file changed:  resources/public/js/compiled/out/habit_tracker/components/Habit_view.js
Compiling build :dev to "resources/public/js/compiled/habit_tracker.js" from ["src"]...
[32mSuccessfully compiled build :dev to "resources/public/js/compiled/habit_tracker.js" in 0.632 seconds.[0m
notifying browser that file changed:  resources/public/js/compiled/out/habit_tracker/components/Habit_view.js
Compiling build :dev to "resources/public/js/compiled/habit_tracker.js" from ["src"]...
[32mSuccessfully compiled build :dev to "resources/public/js/compiled/habit_tracker.js" in 0.924 seconds.[0m
notifying browser that file changed:  resources/public/js/compiled/out/goog/deps.js
notifying browser that file changed:  resources/public/js/compiled/out/cljs_deps.js
notifying browser that file changed:  resources/public/js/compiled/out/habit_tracker/components/Habit_view.js
Compiling build :dev to "resources/public/js/compiled/habit_tracker.js" from ["src"]...
[32mSuccessfully compiled build :dev to "resources/public/js/compiled/habit_tracker.js" in 0.71 seconds.[0m
notifying browser that file changed:  resources/public/js/compiled/out/habit_tracker/components/Habit_view.js
Compiling build :dev to "resources/public/js/compiled/habit_tracker.js" from ["src"]...
[32mSuccessfully compiled build :dev to "resources/public/js/compiled/habit_tracker.js" in 1.087 seconds.[0m
notifying browser that file changed:  resources/public/js/compiled/out/habit_tracker/components/Habit_view.js
Compiling build :dev to "resources/public/js/compiled/habit_tracker.js" from ["src"]...
[32mSuccessfully compiled build :dev to "resources/public/js/compiled/habit_tracker.js" in 0.844 seconds.[0m
notifying browser that file changed:  resources/public/js/compiled/out/habit_tracker/components/Habit_view.js
Compiling build :dev to "resources/public/js/compiled/habit_tracker.js" from ["src"]...
[32mSuccessfully compiled build :dev to "resources/public/js/compiled/habit_tracker.js" in 0.878 seconds.[0m
notifying browser that file changed:  resources/public/js/compiled/out/habit_tracker/components/Habit_view.js
Compiling build :dev to "resources/public/js/compiled/habit_tracker.js" from ["src"]...
[32mSuccessfully compiled build :dev to "resources/public/js/compiled/habit_tracker.js" in 0.728 seconds.[0m
notifying browser that file changed:  resources/public/js/compiled/out/habit_tracker/components/Habit_view.js
Compiling build :dev to "resources/public/js/compiled/habit_tracker.js" from ["src"]...
[32mSuccessfully compiled build :dev to "resources/public/js/compiled/habit_tracker.js" in 0.807 seconds.[0m
notifying browser that file changed:  resources/public/js/compiled/out/habit_tracker/components/Habit_view.js
Compiling build :dev to "resources/public/js/compiled/habit_tracker.js" from ["src"]...
[32mSuccessfully compiled build :dev to "resources/public/js/compiled/habit_tracker.js" in 0.568 seconds.[0m
notifying browser that file changed:  resources/public/js/compiled/out/habit_tracker/components/Habit_view.js
Compiling build :dev to "resources/public/js/compiled/habit_tracker.js" from ["src"]...
[32mSuccessfully compiled build :dev to "resources/public/js/compiled/habit_tracker.js" in 0.585 seconds.[0m
notifying browser that file changed:  resources/public/js/compiled/out/habit_tracker/components/Habit_view.js
Compiling build :dev to "resources/public/js/compiled/habit_tracker.js" from ["src"]...
[32mSuccessfully compiled build :dev to "resources/public/js/compiled/habit_tracker.js" in 0.789 seconds.[0m
notifying browser that file changed:  resources/public/js/compiled/out/cljs_deps.js
notifying browser that file changed:  resources/public/js/compiled/out/habit_tracker/components/calendar/Calendar.js
Compiling build :dev to "resources/public/js/compiled/habit_tracker.js" from ["src"]...
[32mSuccessfully compiled build :dev to "resources/public/js/compiled/habit_tracker.js" in 0.802 seconds.[0m
notifying browser that file changed:  resources/public/js/compiled/out/habit_tracker/components/Habit_view.js
Compiling build :dev to "resources/public/js/compiled/habit_tracker.js" from ["src"]...
[32mSuccessfully compiled build :dev to "resources/public/js/compiled/habit_tracker.js" in 0.711 seconds.[0m
notifying browser that file changed:  resources/public/js/compiled/out/habit_tracker/components/calendar/Calendar.js
Compiling build :dev to "resources/public/js/compiled/habit_tracker.js" from ["src"]...
[32mSuccessfully compiled build :dev to "resources/public/js/compiled/habit_tracker.js" in 0.847 seconds.[0m
notifying browser that file changed:  resources/public/js/compiled/out/habit_tracker/components/calendar/Calendar.js
Compiling build :dev to "resources/public/js/compiled/habit_tracker.js" from ["src"]...
[32mSuccessfully compiled build :dev to "resources/public/js/compiled/habit_tracker.js" in 0.802 seconds.[0m
notifying browser that file changed:  resources/public/js/compiled/out/habit_tracker/components/calendar/Calendar.js
Compiling build :dev to "resources/public/js/compiled/habit_tracker.js" from ["src"]...
[32mSuccessfully compiled build :dev to "resources/public/js/compiled/habit_tracker.js" in 0.902 seconds.[0m
notifying browser that file changed:  resources/public/js/compiled/out/habit_tracker/components/calendar/Calendar.js
Compiling build :dev to "resources/public/js/compiled/habit_tracker.js" from ["src"]...
[36m----  Compiler Warning on   src/habit_tracker/components/calendar/Calendar.cljs   line:15  column:6  ----[0m

  [1mUse of undeclared Var habit_tracker.components.calendar.Calendar/generate-table-hmtl[0m

  [36m11[0m  [36m; moment().startOf('month')[0m
  [36m12[0m  [36m(js/console.log (.day (.startOf (moment) "month")))[0m
  [36m13[0m  [36m(defn render [][0m
  [36m14[0m  [36m  (let [monthDays (get-current-month-days)][0m
  [33m15[0m  [1m    (generate-table-hmtl monthDays)[0m
  [0m  [0m  [33m     ^--- Use of undeclared Var habit_tracker.components.calendar.Calendar/generate-table-hmtl[0m
  [36m16[0m  [36m    (fn [][0m
  [36m17[0m  [36m    [:div.Calendar[0m
  [36m18[0m  [36m      [:table.Calendar-wrapper[0m
  [36m19[0m  [36m        [:tr][0m
  [36m20[0m  [36m          [:th "Sun"][0m

[36m----  Compiler Warning : Please see src/habit_tracker/components/calendar/Calendar.cljs  ----[0m
[32mSuccessfully compiled build :dev to "resources/public/js/compiled/habit_tracker.js" in 0.75 seconds.[0m
notifying browser that file changed:  resources/public/js/compiled/out/habit_tracker/components/calendar/Calendar.js
Compiling build :dev to "resources/public/js/compiled/habit_tracker.js" from ["src"]...
[36m----  Compiler Warning on   src/habit_tracker/components/calendar/Calendar.cljs   line:10  column:19  ----[0m

  [1mUse of undeclared Var habit_tracker.components.calendar.Calendar/offsetAmount[0m

  [36m 6[0m  [36m  (.daysInMonth (moment) "YYYY-MM"))[0m
  [36m 7[0m  [36m[0m
  [36m 8[0m  [36m(defn generate-table-html [numberOfDays][0m
  [36m 9[0m  [36m  (let [offsetAmount (.day (.startOf (moment) "month"))])[0m
  [33m10[0m  [1m  (js/console.log offsetAmount)[0m
  [0m  [0m  [33m                  ^--- Use of undeclared Var habit_tracker.components.calendar.Calendar/offsetAmount[0m
  [36m11[0m  [36m  )[0m
  [36m12[0m  [36m; (js/console.log (.daysInMonth (moment) "YYYY-MM") )[0m
  [36m13[0m  [36m; moment().startOf('month')[0m
  [36m14[0m  [36m[0m
  [36m15[0m  [36m(defn render [][0m

[36m----  Compiler Warning : Please see src/habit_tracker/components/calendar/Calendar.cljs  ----[0m
[36m----  Compiler Warning on   src/habit_tracker/components/calendar/Calendar.cljs   line:17  column:6  ----[0m

  [1mUse of undeclared Var habit_tracker.components.calendar.Calendar/generate-table-hmtl[0m

  [36m13[0m  [36m; moment().startOf('month')[0m
  [36m14[0m  [36m[0m
  [36m15[0m  [36m(defn render [][0m
  [36m16[0m  [36m  (let [monthDays (get-current-month-days)][0m
  [33m17[0m  [1m    (generate-table-hmtl monthDays)[0m
  [0m  [0m  [33m     ^--- Use of undeclared Var habit_tracker.components.calendar.Calendar/generate-table-hmtl[0m
  [36m18[0m  [36m    (fn [][0m
  [36m19[0m  [36m    [:div.Calendar[0m
  [36m20[0m  [36m      [:table.Calendar-wrapper[0m
  [36m21[0m  [36m        [:tr][0m
  [36m22[0m  [36m          [:th "Sun"][0m

[36m----  Compiler Warning : Please see src/habit_tracker/components/calendar/Calendar.cljs  ----[0m
[32mSuccessfully compiled build :dev to "resources/public/js/compiled/habit_tracker.js" in 0.662 seconds.[0m
notifying browser that file changed:  resources/public/js/compiled/out/habit_tracker/components/calendar/Calendar.js
Compiling build :dev to "resources/public/js/compiled/habit_tracker.js" from ["src"]...
[36m----  Compiler Warning on   src/habit_tracker/components/calendar/Calendar.cljs   line:17  column:6  ----[0m

  [1mUse of undeclared Var habit_tracker.components.calendar.Calendar/generate-table-hmtl[0m

  [36m13[0m  [36m; moment().startOf('month')[0m
  [36m14[0m  [36m[0m
  [36m15[0m  [36m(defn render [][0m
  [36m16[0m  [36m  (let [monthDays (get-current-month-days)][0m
  [33m17[0m  [1m    (generate-table-hmtl monthDays)[0m
  [0m  [0m  [33m     ^--- Use of undeclared Var habit_tracker.components.calendar.Calendar/generate-table-hmtl[0m
  [36m18[0m  [36m    (fn [][0m
  [36m19[0m  [36m    [:div.Calendar[0m
  [36m20[0m  [36m      [:table.Calendar-wrapper[0m
  [36m21[0m  [36m        [:tr][0m
  [36m22[0m  [36m          [:th "Sun"][0m

[36m----  Compiler Warning : Please see src/habit_tracker/components/calendar/Calendar.cljs  ----[0m
[32mSuccessfully compiled build :dev to "resources/public/js/compiled/habit_tracker.js" in 1.083 seconds.[0m
notifying browser that file changed:  resources/public/js/compiled/out/habit_tracker/components/calendar/Calendar.js
Compiling build :dev to "resources/public/js/compiled/habit_tracker.js" from ["src"]...
[32mSuccessfully compiled build :dev to "resources/public/js/compiled/habit_tracker.js" in 0.857 seconds.[0m
notifying browser that file changed:  resources/public/js/compiled/out/habit_tracker/components/calendar/Calendar.js
Compiling build :dev to "resources/public/js/compiled/habit_tracker.js" from ["src"]...
[32mSuccessfully compiled build :dev to "resources/public/js/compiled/habit_tracker.js" in 0.851 seconds.[0m
notifying browser that file changed:  resources/public/js/compiled/out/habit_tracker/components/calendar/Calendar.js
Compiling build :dev to "resources/public/js/compiled/habit_tracker.js" from ["src"]...
[32mSuccessfully compiled build :dev to "resources/public/js/compiled/habit_tracker.js" in 0.692 seconds.[0m
notifying browser that file changed:  resources/public/js/compiled/out/habit_tracker/components/calendar/Calendar.js
Compiling build :dev to "resources/public/js/compiled/habit_tracker.js" from ["src"]...
[32mSuccessfully compiled build :dev to "resources/public/js/compiled/habit_tracker.js" in 0.728 seconds.[0m
notifying browser that file changed:  resources/public/js/compiled/out/habit_tracker/components/calendar/Calendar.js
Compiling build :dev to "resources/public/js/compiled/habit_tracker.js" from ["src"]...
[32mSuccessfully compiled build :dev to "resources/public/js/compiled/habit_tracker.js" in 0.919 seconds.[0m
notifying browser that file changed:  resources/public/js/compiled/out/habit_tracker/components/calendar/Calendar.js
Compiling build :dev to "resources/public/js/compiled/habit_tracker.js" from ["src"]...
[32mSuccessfully compiled build :dev to "resources/public/js/compiled/habit_tracker.js" in 0.739 seconds.[0m
notifying browser that file changed:  resources/public/js/compiled/out/habit_tracker/components/calendar/Calendar.js
Compiling build :dev to "resources/public/js/compiled/habit_tracker.js" from ["src"]...
[32mSuccessfully compiled build :dev to "resources/public/js/compiled/habit_tracker.js" in 0.785 seconds.[0m
notifying browser that file changed:  resources/public/js/compiled/out/habit_tracker/components/calendar/Calendar.js
Compiling build :dev to "resources/public/js/compiled/habit_tracker.js" from ["src"]...
[36m----  Compiler Warning on   src/habit_tracker/components/calendar/Calendar.cljs   line:11  column:16  ----[0m

  [1mUse of undeclared Var habit_tracker.components.calendar.Calendar/tableHtml[0m

  [36m 8[0m  [36m(defn generate-table-html [numberOfDays][0m
  [36m 9[0m  [36m  (let [offsetAmount (.day (.startOf (moment) "month"))[0m
  [36m10[0m  [36m        tableHtml (dorun (dotimes [n offsetAmount][0m
  [33m11[0m  [1m          (str tableHtml "n")))][0m
  [0m  [0m  [33m               ^--- Use of undeclared Var habit_tracker.components.calendar.Calendar/tableHtml[0m
  [36m12[0m  [36m[0m
  [36m13[0m  [36m    (js/console.log tableHtml)[0m
  [36m14[0m  [36m  ))[0m

[36m----  Compiler Warning : Please see src/habit_tracker/components/calendar/Calendar.cljs  ----[0m
[32mSuccessfully compiled build :dev to "resources/public/js/compiled/habit_tracker.js" in 1.342 seconds.[0m
notifying browser that file changed:  resources/public/js/compiled/out/habit_tracker/components/calendar/Calendar.js
Compiling build :dev to "resources/public/js/compiled/habit_tracker.js" from ["src"]...
[32mSuccessfully compiled build :dev to "resources/public/js/compiled/habit_tracker.js" in 0.653 seconds.[0m
notifying browser that file changed:  resources/public/js/compiled/out/habit_tracker/components/calendar/Calendar.js
Compiling build :dev to "resources/public/js/compiled/habit_tracker.js" from ["src"]...
[32mSuccessfully compiled build :dev to "resources/public/js/compiled/habit_tracker.js" in 0.829 seconds.[0m
notifying browser that file changed:  resources/public/js/compiled/out/habit_tracker/components/calendar/Calendar.js
Compiling build :dev to "resources/public/js/compiled/habit_tracker.js" from ["src"]...
[32mSuccessfully compiled build :dev to "resources/public/js/compiled/habit_tracker.js" in 0.64 seconds.[0m
notifying browser that file changed:  resources/public/js/compiled/out/habit_tracker/components/calendar/Calendar.js
Compiling build :dev to "resources/public/js/compiled/habit_tracker.js" from ["src"]...
[32mSuccessfully compiled build :dev to "resources/public/js/compiled/habit_tracker.js" in 0.717 seconds.[0m
notifying browser that file changed:  resources/public/js/compiled/out/habit_tracker/components/calendar/Calendar.js
Compiling build :dev to "resources/public/js/compiled/habit_tracker.js" from ["src"]...
[32mSuccessfully compiled build :dev to "resources/public/js/compiled/habit_tracker.js" in 0.773 seconds.[0m
notifying browser that file changed:  resources/public/js/compiled/out/habit_tracker/components/calendar/Calendar.js
Compiling build :dev to "resources/public/js/compiled/habit_tracker.js" from ["src"]...
[32mSuccessfully compiled build :dev to "resources/public/js/compiled/habit_tracker.js" in 0.793 seconds.[0m
notifying browser that file changed:  resources/public/js/compiled/out/habit_tracker/components/calendar/Calendar.js
Compiling build :dev to "resources/public/js/compiled/habit_tracker.js" from ["src"]...
[32mSuccessfully compiled build :dev to "resources/public/js/compiled/habit_tracker.js" in 0.856 seconds.[0m
notifying browser that file changed:  resources/public/js/compiled/out/habit_tracker/components/calendar/Calendar.js
Compiling build :dev to "resources/public/js/compiled/habit_tracker.js" from ["src"]...
[36m----  Compiler Warning on   src/habit_tracker/components/calendar/Calendar.cljs   line:11  column:20  ----[0m

  [1mUse of undeclared Var habit_tracker.components.calendar.Calendar/n[0m

  [36m 8[0m  [36m(defn generate-table-html [numberOfDays][0m
  [36m 9[0m  [36m  (let [offsetAmount (.day (.startOf (moment) "month"))[0m
  [36m10[0m  [36m        tableHtml [:tr [:td "test"]]][0m
  [33m11[0m  [1m        (let [stop n][0m
  [0m  [0m  [33m                   ^--- Use of undeclared Var habit_tracker.components.calendar.Calendar/n[0m
  [36m12[0m  [36m          (loop [i 0[0m
  [36m13[0m  [36m                 acc ()] ;<= only thing thats different[0m
  [36m14[0m  [36m            (if (= i stop)[0m
  [36m15[0m  [36m              acc[0m
  [36m16[0m  [36m              (recur (inc i) (conj acc i)))))[0m

[36m----  Compiler Warning : Please see src/habit_tracker/components/calendar/Calendar.cljs  ----[0m
[32mSuccessfully compiled build :dev to "resources/public/js/compiled/habit_tracker.js" in 0.973 seconds.[0m
notifying browser that file changed:  resources/public/js/compiled/out/habit_tracker/components/calendar/Calendar.js
Compiling build :dev to "resources/public/js/compiled/habit_tracker.js" from ["src"]...
[32mSuccessfully compiled build :dev to "resources/public/js/compiled/habit_tracker.js" in 0.917 seconds.[0m
notifying browser that file changed:  resources/public/js/compiled/out/habit_tracker/components/calendar/Calendar.js
Compiling build :dev to "resources/public/js/compiled/habit_tracker.js" from ["src"]...
[36m----  Compiler Warning on   src/habit_tracker/components/calendar/Calendar.cljs   line:15  column:15  ----[0m

  [1mUse of undeclared Var habit_tracker.components.calendar.Calendar/acc[0m

  [36m11[0m  [36m      (let [stop 10][0m
  [36m12[0m  [36m        (loop [i 0[0m
  [36m13[0m  [36m               html ()] ;<= only thing thats different[0m
  [36m14[0m  [36m          (if (= i stop)[0m
  [33m15[0m  [1m            acc[0m
  [0m  [0m  [33m            ^--- Use of undeclared Var habit_tracker.components.calendar.Calendar/acc[0m
  [36m16[0m  [36m            (recur (inc i) (conj html i)))))[0m
  [36m17[0m  [36m  ; tableHtml[0m
  [36m18[0m  [36m))[0m

[36m----  Compiler Warning : Please see src/habit_tracker/components/calendar/Calendar.cljs  ----[0m
[32mSuccessfully compiled build :dev to "resources/public/js/compiled/habit_tracker.js" in 0.975 seconds.[0m
notifying browser that file changed:  resources/public/js/compiled/out/habit_tracker/components/calendar/Calendar.js
Compiling build :dev to "resources/public/js/compiled/habit_tracker.js" from ["src"]...
[32mSuccessfully compiled build :dev to "resources/public/js/compiled/habit_tracker.js" in 0.634 seconds.[0m
notifying browser that file changed:  resources/public/js/compiled/out/habit_tracker/components/calendar/Calendar.js
Compiling build :dev to "resources/public/js/compiled/habit_tracker.js" from ["src"]...
[32mSuccessfully compiled build :dev to "resources/public/js/compiled/habit_tracker.js" in 0.831 seconds.[0m
notifying browser that file changed:  resources/public/js/compiled/out/habit_tracker/components/calendar/Calendar.js
Compiling build :dev to "resources/public/js/compiled/habit_tracker.js" from ["src"]...
[32mSuccessfully compiled build :dev to "resources/public/js/compiled/habit_tracker.js" in 0.612 seconds.[0m
notifying browser that file changed:  resources/public/js/compiled/out/habit_tracker/components/calendar/Calendar.js
Compiling build :dev to "resources/public/js/compiled/habit_tracker.js" from ["src"]...
[32mSuccessfully compiled build :dev to "resources/public/js/compiled/habit_tracker.js" in 0.653 seconds.[0m
notifying browser that file changed:  resources/public/js/compiled/out/habit_tracker/components/calendar/Calendar.js
Compiling build :dev to "resources/public/js/compiled/habit_tracker.js" from ["src"]...
[32mSuccessfully compiled build :dev to "resources/public/js/compiled/habit_tracker.js" in 0.642 seconds.[0m
notifying browser that file changed:  resources/public/js/compiled/out/habit_tracker/components/calendar/Calendar.js
Compiling build :dev to "resources/public/js/compiled/habit_tracker.js" from ["src"]...
[32mSuccessfully compiled build :dev to "resources/public/js/compiled/habit_tracker.js" in 0.584 seconds.[0m
notifying browser that file changed:  resources/public/js/compiled/out/habit_tracker/components/calendar/Calendar.js
Compiling build :dev to "resources/public/js/compiled/habit_tracker.js" from ["src"]...
[32mSuccessfully compiled build :dev to "resources/public/js/compiled/habit_tracker.js" in 0.719 seconds.[0m
notifying browser that file changed:  resources/public/js/compiled/out/habit_tracker/components/calendar/Calendar.js
Compiling build :dev to "resources/public/js/compiled/habit_tracker.js" from ["src"]...
[32mSuccessfully compiled build :dev to "resources/public/js/compiled/habit_tracker.js" in 0.657 seconds.[0m
notifying browser that file changed:  resources/public/js/compiled/out/habit_tracker/components/calendar/Calendar.js
Compiling build :dev to "resources/public/js/compiled/habit_tracker.js" from ["src"]...
[32mSuccessfully compiled build :dev to "resources/public/js/compiled/habit_tracker.js" in 0.647 seconds.[0m
notifying browser that file changed:  resources/public/js/compiled/out/habit_tracker/components/calendar/Calendar.js
Compiling build :dev to "resources/public/js/compiled/habit_tracker.js" from ["src"]...
[32mSuccessfully compiled build :dev to "resources/public/js/compiled/habit_tracker.js" in 0.614 seconds.[0m
notifying browser that file changed:  resources/public/js/compiled/out/habit_tracker/components/calendar/Calendar.js
Compiling build :dev to "resources/public/js/compiled/habit_tracker.js" from ["src"]...
[32mSuccessfully compiled build :dev to "resources/public/js/compiled/habit_tracker.js" in 1.037 seconds.[0m
notifying browser that file changed:  resources/public/js/compiled/out/habit_tracker/components/calendar/Calendar.js
Compiling build :dev to "resources/public/js/compiled/habit_tracker.js" from ["src"]...
[32mSuccessfully compiled build :dev to "resources/public/js/compiled/habit_tracker.js" in 0.83 seconds.[0m
notifying browser that file changed:  resources/public/js/compiled/out/habit_tracker/components/calendar/Calendar.js
Compiling build :dev to "resources/public/js/compiled/habit_tracker.js" from ["src"]...
[32mSuccessfully compiled build :dev to "resources/public/js/compiled/habit_tracker.js" in 0.585 seconds.[0m
notifying browser that file changed:  resources/public/js/compiled/out/habit_tracker/components/calendar/Calendar.js
